#
# There is insufficient memory for the Java Runtime Environment to continue.
# Native memory allocation (malloc) failed to allocate 655056 bytes for Chunk::new
# Possible reasons:
#   The system is out of physical RAM or swap space
#   In 32 bit mode, the process size limit was hit
# Possible solutions:
#   Reduce memory load on the system
#   Increase physical memory or swap space
#   Check if swap backing store is full
#   Use 64 bit Java on a 64 bit OS
#   Decrease Java heap size (-Xmx/-Xms)
#   Decrease number of Java threads
#   Decrease Java thread stack sizes (-Xss)
#   Set larger code cache with -XX:ReservedCodeCacheSize=
# This output file may be truncated or incomplete.
#
#  Out of Memory Error (allocation.cpp:390), pid=11648, tid=0x0000000000003414
#
# JRE version: Java(TM) SE Runtime Environment (8.0_102-b14) (build 1.8.0_102-b14)
# Java VM: Java HotSpot(TM) 64-Bit Server VM (25.102-b14 mixed mode windows-amd64 compressed oops)
# Failed to write core dump. Minidumps are not enabled by default on client versions of Windows
#

---------------  T H R E A D  ---------------

Current thread (0x000000001c5c6800):  JavaThread "C2 CompilerThread1" daemon [_thread_in_native, id=13332, stack(0x000000001dcd0000,0x000000001ddd0000)]

Stack: [0x000000001dcd0000,0x000000001ddd0000]
[error occurred during error reporting (printing stack bounds), id 0xc0000005]

Native frames: (J=compiled Java code, j=interpreted, Vv=VM code, C=native code)


Current CompileTask:
C2:  29036 2786       4       com.android.dx.dex.code.LocalList::make (102 bytes)


---------------  P R O C E S S  ---------------

Java Threads: ( => current thread )
  0x000000001e289000 JavaThread "pool-1-thread-1" [_thread_in_Java, id=4888, stack(0x00000000227b0000,0x00000000228b0000)]
  0x000000001c5cd800 JavaThread "Service Thread" daemon [_thread_blocked, id=9308, stack(0x000000001e2d0000,0x000000001e3d0000)]
  0x000000001c5cb000 JavaThread "C1 CompilerThread2" daemon [_thread_blocked, id=1044, stack(0x000000001ddd0000,0x000000001ded0000)]
=>0x000000001c5c6800 JavaThread "C2 CompilerThread1" daemon [_thread_in_native, id=13332, stack(0x000000001dcd0000,0x000000001ddd0000)]
  0x000000001c56c800 JavaThread "C2 CompilerThread0" daemon [_thread_in_native, id=2324, stack(0x000000001dbd0000,0x000000001dcd0000)]
  0x000000001c56b000 JavaThread "Attach Listener" daemon [_thread_blocked, id=1352, stack(0x000000001dad0000,0x000000001dbd0000)]
  0x000000001c56a000 JavaThread "Signal Dispatcher" daemon [_thread_blocked, id=10040, stack(0x000000001d9d0000,0x000000001dad0000)]
  0x000000001c55a000 JavaThread "Finalizer" daemon [_thread_blocked, id=9188, stack(0x000000001d7e0000,0x000000001d8e0000)]
  0x000000001c539000 JavaThread "Reference Handler" daemon [_thread_blocked, id=1424, stack(0x000000001d6e0000,0x000000001d7e0000)]
  0x0000000002d9d800 JavaThread "main" [_thread_blocked, id=8368, stack(0x0000000002ac0000,0x0000000002bc0000)]

Other Threads:
  0x000000001c537000 VMThread [stack: 0x000000001d5e0000,0x000000001d6e0000] [id=12964]
  0x000000001ded9000 WatcherThread [stack: 0x000000001e3d0000,0x000000001e4d0000] [id=1080]

VM state:not at safepoint (normal execution)

VM Mutex/Monitor currently owned by a thread: None

Heap:
 PSYoungGen      total 283136K, used 143712K [0x000000076ab00000, 0x000000077f700000, 0x00000007c0000000)
  eden space 252416K, 44% used [0x000000076ab00000,0x000000077195efb8,0x000000077a180000)
  from space 30720K, 99% used [0x000000077c800000,0x000000077e5f9098,0x000000077e600000)
  to   space 39424K, 0% used [0x000000077a180000,0x000000077a180000,0x000000077c800000)
 ParOldGen       total 87552K, used 55579K [0x00000006c0000000, 0x00000006c5580000, 0x000000076ab00000)
  object space 87552K, 63% used [0x00000006c0000000,0x00000006c3646ef8,0x00000006c5580000)
 Metaspace       used 6852K, capacity 7512K, committed 7680K, reserved 1056768K
  class space    used 642K, capacity 656K, committed 768K, reserved 1048576K

Card table byte_map: [0x0000000012260000,0x0000000012a70000] byte_map_base: 0x000000000ec60000

Marking Bits: (ParMarkBitMap*) 0x0000000062d0a6c0
 Begin Bits: [0x00000000133d0000, 0x00000000173d0000)
 End Bits:   [0x00000000173d0000, 0x000000001b3d0000)

Polling page: 0x0000000001340000

CodeCache: size=245760Kb used=11552Kb max_used=11586Kb free=234207Kb
 bounds [0x0000000002ea0000, 0x0000000003a00000, 0x0000000011ea0000]
 total_blobs=2629 nmethods=2359 adapters=182
 compilation: enabled

Compilation events (10 events):
Event: 28.855 Thread 0x000000001c5cb000 2842       3       com.android.dex.Leb128::writeUnsignedLeb128 (46 bytes)
Event: 28.856 Thread 0x000000001c5cb000 nmethod 2842 0x00000000039e06d0 code [0x00000000039e0860, 0x00000000039e0bf8]
Event: 28.856 Thread 0x000000001c5cb000 2841       3       com.android.dx.util.ByteArrayAnnotatedOutput::writeUleb128 (34 bytes)
Event: 28.856 Thread 0x000000001c5cb000 nmethod 2841 0x00000000039efe50 code [0x00000000039effc0, 0x00000000039f01f8]
Event: 28.865 Thread 0x000000001c5cb000 2845       3       java.lang.Integer::valueOf (32 bytes)
Event: 28.866 Thread 0x000000001c5cb000 nmethod 2845 0x00000000039f02d0 code [0x00000000039f0440, 0x00000000039f0790]
Event: 28.871 Thread 0x000000001c56c800 nmethod 2832 0x00000000039f4410 code [0x00000000039f4600, 0x00000000039f5458]
Event: 28.872 Thread 0x000000001c56c800 2834       4       java.util.ComparableTimSort::binarySort (223 bytes)
Event: 28.891 Thread 0x000000001c56c800 nmethod 2834 0x00000000039f6350 code [0x00000000039f64e0, 0x00000000039f6e08]
Event: 28.892 Thread 0x000000001c56c800 2844       4       com.android.dx.dex.code.StdCatchBuilder::build (262 bytes)

GC Heap History (10 events):
Event: 14.314 GC heap before
{Heap before GC invocations=4 (full 0):
 PSYoungGen      total 38400K, used 38382K [0x000000076ab00000, 0x000000076f600000, 0x00000007c0000000)
  eden space 33280K, 100% used [0x000000076ab00000,0x000000076cb80000,0x000000076cb80000)
  from space 5120K, 99% used [0x000000076cb80000,0x000000076d07b9b0,0x000000076d080000)
  to   space 5120K, 0% used [0x000000076f100000,0x000000076f100000,0x000000076f600000)
 ParOldGen       total 87552K, used 11934K [0x00000006c0000000, 0x00000006c5580000, 0x000000076ab00000)
  object space 87552K, 13% used [0x00000006c0000000,0x00000006c0ba7818,0x00000006c5580000)
 Metaspace       used 6255K, capacity 7090K, committed 7296K, reserved 1056768K
  class space    used 602K, capacity 618K, committed 640K, reserved 1048576K
Event: 15.068 GC heap after
Heap after GC invocations=4 (full 0):
 PSYoungGen      total 71680K, used 5119K [0x000000076ab00000, 0x000000076f600000, 0x00000007c0000000)
  eden space 66560K, 0% used [0x000000076ab00000,0x000000076ab00000,0x000000076ec00000)
  from space 5120K, 99% used [0x000000076f100000,0x000000076f5ffee0,0x000000076f600000)
  to   space 5120K, 0% used [0x000000076ec00000,0x000000076ec00000,0x000000076f100000)
 ParOldGen       total 87552K, used 17270K [0x00000006c0000000, 0x00000006c5580000, 0x000000076ab00000)
  object space 87552K, 19% used [0x00000006c0000000,0x00000006c10ddaa0,0x00000006c5580000)
 Metaspace       used 6255K, capacity 7090K, committed 7296K, reserved 1056768K
  class space    used 602K, capacity 618K, committed 640K, reserved 1048576K
}
Event: 18.565 GC heap before
{Heap before GC invocations=5 (full 0):
 PSYoungGen      total 71680K, used 71679K [0x000000076ab00000, 0x000000076f600000, 0x00000007c0000000)
  eden space 66560K, 100% used [0x000000076ab00000,0x000000076ec00000,0x000000076ec00000)
  from space 5120K, 99% used [0x000000076f100000,0x000000076f5ffee0,0x000000076f600000)
  to   space 5120K, 0% used [0x000000076ec00000,0x000000076ec00000,0x000000076f100000)
 ParOldGen       total 87552K, used 17270K [0x00000006c0000000, 0x00000006c5580000, 0x000000076ab00000)
  object space 87552K, 19% used [0x00000006c0000000,0x00000006c10ddaa0,0x00000006c5580000)
 Metaspace       used 6287K, capacity 7154K, committed 7296K, reserved 1056768K
  class space    used 602K, capacity 618K, committed 640K, reserved 1048576K
Event: 19.228 GC heap after
Heap after GC invocations=5 (full 0):
 PSYoungGen      total 71680K, used 5112K [0x000000076ab00000, 0x0000000774d00000, 0x00000007c0000000)
  eden space 66560K, 0% used [0x000000076ab00000,0x000000076ab00000,0x000000076ec00000)
  from space 5120K, 99% used [0x000000076ec00000,0x000000076f0fe338,0x000000076f100000)
  to   space 16384K, 0% used [0x0000000773d00000,0x0000000773d00000,0x0000000774d00000)
 ParOldGen       total 87552K, used 27764K [0x00000006c0000000, 0x00000006c5580000, 0x000000076ab00000)
  object space 87552K, 31% used [0x00000006c0000000,0x00000006c1b1d098,0x00000006c5580000)
 Metaspace       used 6287K, capacity 7154K, committed 7296K, reserved 1056768K
  class space    used 602K, capacity 618K, committed 640K, reserved 1048576K
}
Event: 21.316 GC heap before
{Heap before GC invocations=6 (full 0):
 PSYoungGen      total 71680K, used 71672K [0x000000076ab00000, 0x0000000774d00000, 0x00000007c0000000)
  eden space 66560K, 100% used [0x000000076ab00000,0x000000076ec00000,0x000000076ec00000)
  from space 5120K, 99% used [0x000000076ec00000,0x000000076f0fe338,0x000000076f100000)
  to   space 16384K, 0% used [0x0000000773d00000,0x0000000773d00000,0x0000000774d00000)
 ParOldGen       total 87552K, used 27764K [0x00000006c0000000, 0x00000006c5580000, 0x000000076ab00000)
  object space 87552K, 31% used [0x00000006c0000000,0x00000006c1b1d098,0x00000006c5580000)
 Metaspace       used 6331K, capacity 7154K, committed 7296K, reserved 1056768K
  class space    used 603K, capacity 618K, committed 640K, reserved 1048576K
Event: 21.565 GC heap after
Heap after GC invocations=6 (full 0):
 PSYoungGen      total 146944K, used 16368K [0x000000076ab00000, 0x0000000775200000, 0x00000007c0000000)
  eden space 130560K, 0% used [0x000000076ab00000,0x000000076ab00000,0x0000000772a80000)
  from space 16384K, 99% used [0x0000000773d00000,0x0000000774cfc240,0x0000000774d00000)
  to   space 18944K, 0% used [0x0000000772a80000,0x0000000772a80000,0x0000000773d00000)
 ParOldGen       total 87552K, used 28197K [0x00000006c0000000, 0x00000006c5580000, 0x000000076ab00000)
  object space 87552K, 32% used [0x00000006c0000000,0x00000006c1b89738,0x00000006c5580000)
 Metaspace       used 6331K, capacity 7154K, committed 7296K, reserved 1056768K
  class space    used 603K, capacity 618K, committed 640K, reserved 1048576K
}
Event: 23.650 GC heap before
{Heap before GC invocations=7 (full 0):
 PSYoungGen      total 146944K, used 146928K [0x000000076ab00000, 0x0000000775200000, 0x00000007c0000000)
  eden space 130560K, 100% used [0x000000076ab00000,0x0000000772a80000,0x0000000772a80000)
  from space 16384K, 99% used [0x0000000773d00000,0x0000000774cfc240,0x0000000774d00000)
  to   space 18944K, 0% used [0x0000000772a80000,0x0000000772a80000,0x0000000773d00000)
 ParOldGen       total 87552K, used 28197K [0x00000006c0000000, 0x00000006c5580000, 0x000000076ab00000)
  object space 87552K, 32% used [0x00000006c0000000,0x00000006c1b89738,0x00000006c5580000)
 Metaspace       used 6410K, capacity 7154K, committed 7296K, reserved 1056768K
  class space    used 603K, capacity 618K, committed 640K, reserved 1048576K
Event: 23.905 GC heap after
Heap after GC invocations=7 (full 0):
 PSYoungGen      total 149504K, used 18920K [0x000000076ab00000, 0x000000077e600000, 0x00000007c0000000)
  eden space 130560K, 0% used [0x000000076ab00000,0x000000076ab00000,0x0000000772a80000)
  from space 18944K, 99% used [0x0000000772a80000,0x0000000773cfa168,0x0000000773d00000)
  to   space 30720K, 0% used [0x000000077c800000,0x000000077c800000,0x000000077e600000)
 ParOldGen       total 87552K, used 46631K [0x00000006c0000000, 0x00000006c5580000, 0x000000076ab00000)
  object space 87552K, 53% used [0x00000006c0000000,0x00000006c2d89eb0,0x00000006c5580000)
 Metaspace       used 6410K, capacity 7154K, committed 7296K, reserved 1056768K
  class space    used 603K, capacity 618K, committed 640K, reserved 1048576K
}
Event: 25.260 GC heap before
{Heap before GC invocations=8 (full 0):
 PSYoungGen      total 149504K, used 149480K [0x000000076ab00000, 0x000000077e600000, 0x00000007c0000000)
  eden space 130560K, 100% used [0x000000076ab00000,0x0000000772a80000,0x0000000772a80000)
  from space 18944K, 99% used [0x0000000772a80000,0x0000000773cfa168,0x0000000773d00000)
  to   space 30720K, 0% used [0x000000077c800000,0x000000077c800000,0x000000077e600000)
 ParOldGen       total 87552K, used 46631K [0x00000006c0000000, 0x00000006c5580000, 0x000000076ab00000)
  object space 87552K, 53% used [0x00000006c0000000,0x00000006c2d89eb0,0x00000006c5580000)
 Metaspace       used 6537K, capacity 7256K, committed 7424K, reserved 1056768K
  class space    used 623K, capacity 656K, committed 768K, reserved 1048576K
Event: 25.465 GC heap after
Heap after GC invocations=8 (full 0):
 PSYoungGen      total 283136K, used 30692K [0x000000076ab00000, 0x000000077f700000, 0x00000007c0000000)
  eden space 252416K, 0% used [0x000000076ab00000,0x000000076ab00000,0x000000077a180000)
  from space 30720K, 99% used [0x000000077c800000,0x000000077e5f9098,0x000000077e600000)
  to   space 39424K, 0% used [0x000000077a180000,0x000000077a180000,0x000000077c800000)
 ParOldGen       total 87552K, used 55579K [0x00000006c0000000, 0x00000006c5580000, 0x000000076ab00000)
  object space 87552K, 63% used [0x00000006c0000000,0x00000006c3646ef8,0x00000006c5580000)
 Metaspace       used 6537K, capacity 7256K, committed 7424K, reserved 1056768K
  class space    used 623K, capacity 656K, committed 768K, reserved 1048576K
}

Deoptimization events (10 events):
Event: 28.557 Thread 0x000000001e289000 Uncommon trap: reason=class_check action=maybe_recompile pc=0x00000000039c8884 method=com.android.dx.dex.code.OutputFinisher.calculateReservedCount([Lcom/android/dx/dex/code/Dop;)I @ 72
Event: 28.560 Thread 0x000000001e289000 Uncommon trap: reason=class_check action=maybe_recompile pc=0x00000000039c8884 method=com.android.dx.dex.code.OutputFinisher.calculateReservedCount([Lcom/android/dx/dex/code/Dop;)I @ 72
Event: 28.561 Thread 0x000000001e289000 Uncommon trap: reason=class_check action=maybe_recompile pc=0x00000000039c8884 method=com.android.dx.dex.code.OutputFinisher.calculateReservedCount([Lcom/android/dx/dex/code/Dop;)I @ 72
Event: 28.563 Thread 0x000000001e289000 Uncommon trap: reason=class_check action=maybe_recompile pc=0x00000000039c8884 method=com.android.dx.dex.code.OutputFinisher.calculateReservedCount([Lcom/android/dx/dex/code/Dop;)I @ 72
Event: 28.563 Thread 0x000000001e289000 Uncommon trap: reason=class_check action=maybe_recompile pc=0x00000000039b2398 method=com.android.dx.dex.code.OutputFinisher.calculateReservedCount([Lcom/android/dx/dex/code/Dop;)I @ 72
Event: 28.604 Thread 0x000000001e289000 Uncommon trap: reason=unstable_if action=reinterpret pc=0x0000000003984a20 method=com.android.dx.dex.code.LocalList$MakeState.snapshot(ILcom/android/dx/rop/code/RegisterSpecSet;)V @ 86
Event: 28.622 Thread 0x000000001e289000 Uncommon trap: reason=array_check action=maybe_recompile pc=0x000000000395eec8 method=java.util.ComparableTimSort.binarySort([Ljava/lang/Object;III)V @ 193
Event: 28.623 Thread 0x000000001e289000 Uncommon trap: reason=array_check action=maybe_recompile pc=0x000000000395eec8 method=java.util.ComparableTimSort.binarySort([Ljava/lang/Object;III)V @ 193
Event: 28.629 Thread 0x000000001e289000 Uncommon trap: reason=array_check action=maybe_recompile pc=0x000000000395eec8 method=java.util.ComparableTimSort.binarySort([Ljava/lang/Object;III)V @ 193
Event: 28.629 Thread 0x000000001e289000 Uncommon trap: reason=array_check action=maybe_recompile pc=0x000000000395eec8 method=java.util.ComparableTimSort.binarySort([Ljava/lang/Object;III)V @ 193

Internal exceptions (8 events):
Event: 1.365 Thread 0x0000000002d9d800 Exception <a 'java/lang/NoSuchMethodError': Method sun.misc.Unsafe.defineClass(Ljava/lang/String;[BII)Ljava/lang/Class; name or signature does not match> (0x000000076ab07c78) thrown at [C:\re\workspace\8-2-build-windows-amd64-cygwin\jdk8u102\7268\hotspot\s%2Êb”ÿı?
Event: 1.365 Thread 0x0000000002d9d800 Exception <a 'java/lang/NoSuchMethodError': Method sun.misc.Unsafe.prefetchRead(Ljava/lang/Object;J)V name or signature does not match> (0x000000076ab07f60) thrown at [C:\re\workspace\8-2-build-windows-amd64-cygwin\jdk8u102\7268\hotspot\src\share\vm\prims\©!_·@
Event: 5.220 Thread 0x000000001e296800 Implicit null exception at 0x000000000338ddbc to 0x0000000003390595
Event: 9.337 Thread 0x0000000002d9d800 Implicit null exception at 0x00000000032a18a2 to 0x00000000032a19a2
Event: 21.679 Thread 0x000000001e296800 Implicit null exception at 0x0000000003442d62 to 0x00000000034443d1
Event: 24.819 Thread 0x0000000002d9d800 Exception <a 'java/lang/ArrayIndexOutOfBoundsException': 18> (0x0000000770550e08) thrown at [C:\re\workspace\8-2-build-windows-amd64-cygwin\jdk8u102\7268\hotspot\src\share\vm\interpreter\interpreterRuntime.cpp, line 366]
Event: 24.820 Thread 0x0000000002d9d800 Exception <a 'java/lang/ArrayIndexOutOfBoundsException'> (0x0000000770552988) thrown at [C:\re\workspace\8-2-build-windows-amd64-cygwin\jdk8u102\7268\hotspot\src\share\vm\runtime\sharedRuntime.cpp, line 605]
Event: 24.821 Thread 0x0000000002d9d800 Exception <a 'java/lang/ArrayIndexOutOfBoundsException'> (0x0000000770553c70) thrown at [C:\re\workspace\8-2-build-windows-amd64-cygwin\jdk8u102\7268\hotspot\src\share\vm\runtime\sharedRuntime.cpp, line 605]

Events (10 events):
Event: 28.623 Thread 0x000000001e289000 DEOPT PACKING pc=0x000000000395eec8 sp=0x00000000228ae9f0
Event: 28.623 Thread 0x000000001e289000 DEOPT UNPACKING pc=0x0000000002ee582a sp=0x00000000228ae998 mode 2
Event: 28.629 Thread 0x000000001e289000 Uncommon trap: trap_request=0xffffffd6 fr.pc=0x000000000395eec8
Event: 28.629 Thread 0x000000001e289000 DEOPT PACKING pc=0x000000000395eec8 sp=0x00000000228ae9f0
Event: 28.629 Thread 0x000000001e289000 DEOPT UNPACKING pc=0x0000000002ee582a sp=0x00000000228ae998 mode 2
Event: 28.629 Thread 0x000000001e289000 Uncommon trap: trap_request=0xffffffd6 fr.pc=0x000000000395eec8
Event: 28.629 Thread 0x000000001e289000 DEOPT PACKING pc=0x000000000395eec8 sp=0x00000000228ae9f0
Event: 28.629 Thread 0x000000001e289000 DEOPT UNPACKING pc=0x0000000002ee582a sp=0x00000000228ae998 mode 2
Event: 28.640 Thread 0x000000001e289000 DEOPT PACKING pc=0x000000000396df52 sp=0x00000000228ae9c0
Event: 28.640 Thread 0x000000001e289000 DEOPT UNPACKING pc=0x0000000002ee787f sp=0x00000000228ae778 mode 0


Dynamic libraries:
0x00007ff7b27b0000 - 0x00007ff7b27e7000 	C:\Program Files\Java\jdk1.8.0_102\bin\java.exe
0x00007ffb6e630000 - 0x00007ffb6e801000 	C:\WINDOWS\SYSTEM32\ntdll.dll
0x00007ffb6e3c0000 - 0x00007ffb6e46b000 	C:\WINDOWS\System32\KERNEL32.DLL
0x00007ffb6af00000 - 0x00007ffb6b11d000 	C:\WINDOWS\System32\KERNELBASE.dll
0x00007ffb6c750000 - 0x00007ffb6c7f2000 	C:\WINDOWS\System32\ADVAPI32.dll
0x00007ffb6cac0000 - 0x00007ffb6cb5e000 	C:\WINDOWS\System32\msvcrt.dll
0x00007ffb6e530000 - 0x00007ffb6e589000 	C:\WINDOWS\System32\sechost.dll
0x00007ffb6c5c0000 - 0x00007ffb6c6e1000 	C:\WINDOWS\System32\RPCRT4.dll
0x00007ffb6e220000 - 0x00007ffb6e385000 	C:\WINDOWS\System32\USER32.dll
0x00007ffb6abb0000 - 0x00007ffb6abce000 	C:\WINDOWS\System32\win32u.dll
0x00007ffb6e4f0000 - 0x00007ffb6e524000 	C:\WINDOWS\System32\GDI32.dll
0x00007ffb6ba10000 - 0x00007ffb6bb92000 	C:\WINDOWS\System32\gdi32full.dll
0x00007ffb61a10000 - 0x00007ffb61c8a000 	C:\WINDOWS\WinSxS\amd64_microsoft.windows.common-controls_6595b64144ccf1df_6.0.14393.953_none_42151e83c686086b\COMCTL32.dll
0x00007ffb6bba0000 - 0x00007ffb6be68000 	C:\WINDOWS\System32\combase.dll
0x00007ffb6abd0000 - 0x00007ffb6acc5000 	C:\WINDOWS\System32\ucrtbase.dll
0x00007ffb6b210000 - 0x00007ffb6b27a000 	C:\WINDOWS\System32\bcryptPrimitives.dll
0x00007ffb6bee0000 - 0x00007ffb6bf0e000 	C:\WINDOWS\System32\IMM32.DLL
0x0000000062d90000 - 0x0000000062e61000 	C:\Program Files\Java\jdk1.8.0_102\jre\bin\msvcr100.dll
0x00000000624f0000 - 0x0000000062d8a000 	C:\Program Files\Java\jdk1.8.0_102\jre\bin\server\jvm.dll
0x00007ffb6c540000 - 0x00007ffb6c548000 	C:\WINDOWS\System32\PSAPI.DLL
0x00007ffb5cac0000 - 0x00007ffb5cac9000 	C:\WINDOWS\SYSTEM32\WSOCK32.dll
0x00007ffb6c550000 - 0x00007ffb6c5ba000 	C:\WINDOWS\System32\WS2_32.dll
0x00007ffb68800000 - 0x00007ffb68823000 	C:\WINDOWS\SYSTEM32\WINMM.dll
0x00007ffb61520000 - 0x00007ffb6152a000 	C:\WINDOWS\SYSTEM32\VERSION.dll
0x00007ffb687a0000 - 0x00007ffb687cb000 	C:\WINDOWS\SYSTEM32\WINMMBASE.dll
0x00007ffb6b120000 - 0x00007ffb6b162000 	C:\WINDOWS\System32\cfgmgr32.dll
0x0000000063c00000 - 0x0000000063c0f000 	C:\Program Files\Java\jdk1.8.0_102\jre\bin\verify.dll
0x00000000624c0000 - 0x00000000624e9000 	C:\Program Files\Java\jdk1.8.0_102\jre\bin\java.dll
0x00000000624a0000 - 0x00000000624b6000 	C:\Program Files\Java\jdk1.8.0_102\jre\bin\zip.dll
0x00007ffb6cd10000 - 0x00007ffb6e218000 	C:\WINDOWS\System32\SHELL32.dll
0x00007ffb6b280000 - 0x00007ffb6b95a000 	C:\WINDOWS\System32\windows.storage.dll
0x00007ffb6aab0000 - 0x00007ffb6aafc000 	C:\WINDOWS\System32\powrprof.dll
0x00007ffb6c6f0000 - 0x00007ffb6c742000 	C:\WINDOWS\System32\shlwapi.dll
0x00007ffb6aa90000 - 0x00007ffb6aa9f000 	C:\WINDOWS\System32\kernel.appcore.dll
0x00007ffb6b960000 - 0x00007ffb6ba09000 	C:\WINDOWS\System32\shcore.dll
0x00007ffb6aa70000 - 0x00007ffb6aa84000 	C:\WINDOWS\System32\profapi.dll

VM Arguments:
jvm_args: -Djava.awt.headless=true -Xmx4g -Dfile.encoding=windows-1252 -Duser.country=US -Duser.language=en -Duser.variant 
java_command: com.android.dx.command.Main --dex --force-jumbo --num-threads=4 --multi-dex --output C:\Lab\AndroidProjects\DayOnVault\app\build\intermediates\transforms\dex\debug\folders\1000\10\jackson-databind-2.8.8_006c228ef0bcaed20d727a626afc59b11e75c0b4 C:\Users\hassanhussain\.gradle\caches\modules-2\files-2.1\com.fasterxml.jackson.core\jackson-databind\2.8.8\bf88c7b27e95cbadce4e7c316a56c3efffda8026\jackson-databind-2.8.8.jar
java_class_path (initial): C:\Lab\Android_sdk\build-tools\25.0.0\lib\dx.jar
Launcher Type: SUN_STANDARD

Environment Variables:
JAVA_HOME=C:\Program Files\Java\jdk1.8.0_102
PATH=C:\Lab\RailsRuby\Git\cmd;C:\Lab\RailsRuby\Ruby2.2.0\bin;C:\ProgramData\Oracle\Java\javapath;C:\Program Files (x86)\Intel\iCLS Client\;C:\Program Files\Intel\iCLS Client\;C:\WINDOWS\system32;C:\WINDOWS;C:\WINDOWS\System32\Wbem;C:\WINDOWS\System32\WindowsPowerShell\v1.0\;C:\Program Files\Intel\Intel(R) Management Engine Components\DAL;C:\Program Files\Intel\Intel(R) Management Engine Components\IPT;C:\Program Files (x86)\Intel\Intel(R) Management Engine Components\DAL;C:\Program Files (x86)\Intel\Intel(R) Management Engine Components\IPT;C:\Program Files (x86)\ATI Technologies\ATI.ACE\Core-Static;C:\Program Files (x86)\AMD\ATI.ACE\Core-Static;C:\Lab\sqlite_db;C:\Lab\RailsRuby\DevKit;C:\Lab\RailsRuby\DevKit\bin;C:\Lab\RailsRuby\DevKit\mingw\bin;C:\Lab\nodejs\;C:\Program Files (x86)\Skype\Phone\;C:\Users\hassanhussain\AppData\Local\Microsoft\WindowsApps;C:\Users\hassanhussain\AppData\Roaming\npm;C:\Users\hassanhussain\AppData\Local\atom\bin
USERNAME=hassanhussain
OS=Windows_NT
PROCESSOR_IDENTIFIER=Intel64 Family 6 Model 69 Stepping 1, GenuineIntel



---------------  S Y S T E M  ---------------

OS: Windows 10.0 , 64 bit Build 14393 (10.0.14393.0)

CPU:total 4 (2 cores per cpu, 2 threads per core) family 6 model 69 stepping 1, cmov, cx8, fxsr, mmx, sse, sse2, sse3, ssse3, sse4.1, sse4.2, popcnt, avx, avx2, aes, clmul, erms, lzcnt, ht, tsc, tscinvbit, bmi1, bmi2

Memory: 4k page, physical 8321324k(499968k free), swap 12515628k(4416k free)

vm_info: Java HotSpot(TM) 64-Bit Server VM (25.102-b14) for windows-amd64 JRE (1.8.0_102-b14), built on Jun 22 2016 13:15:21 by "java_re" with MS VC++ 10.0 (VS2010)

time: Sat May 20 19:34:00 2017
elapsed time: 29 seconds (0d 0h 0m 29s)

